2021-12-23 20:37:28,286 Hello! This is Joey-NMT.
2021-12-23 20:37:29,620 Total params: 27927304
2021-12-23 20:37:29,626 Trainable parameters: ['decoder.layer_norm.bias', 'decoder.layer_norm.weight', 'decoder.layers.0.dec_layer_norm.bias', 'decoder.layers.0.dec_layer_norm.weight', 'decoder.layers.0.feed_forward.layer_norm.bias', 'decoder.layers.0.feed_forward.layer_norm.weight', 'decoder.layers.0.feed_forward.pwff_layer.0.bias', 'decoder.layers.0.feed_forward.pwff_layer.0.weight', 'decoder.layers.0.feed_forward.pwff_layer.3.bias', 'decoder.layers.0.feed_forward.pwff_layer.3.weight', 'decoder.layers.0.src_trg_att.k_layer.bias', 'decoder.layers.0.src_trg_att.k_layer.weight', 'decoder.layers.0.src_trg_att.output_layer.bias', 'decoder.layers.0.src_trg_att.output_layer.weight', 'decoder.layers.0.src_trg_att.q_layer.bias', 'decoder.layers.0.src_trg_att.q_layer.weight', 'decoder.layers.0.src_trg_att.v_layer.bias', 'decoder.layers.0.src_trg_att.v_layer.weight', 'decoder.layers.0.trg_trg_att.k_layer.bias', 'decoder.layers.0.trg_trg_att.k_layer.weight', 'decoder.layers.0.trg_trg_att.output_layer.bias', 'decoder.layers.0.trg_trg_att.output_layer.weight', 'decoder.layers.0.trg_trg_att.q_layer.bias', 'decoder.layers.0.trg_trg_att.q_layer.weight', 'decoder.layers.0.trg_trg_att.v_layer.bias', 'decoder.layers.0.trg_trg_att.v_layer.weight', 'decoder.layers.0.x_layer_norm.bias', 'decoder.layers.0.x_layer_norm.weight', 'decoder.layers.1.dec_layer_norm.bias', 'decoder.layers.1.dec_layer_norm.weight', 'decoder.layers.1.feed_forward.layer_norm.bias', 'decoder.layers.1.feed_forward.layer_norm.weight', 'decoder.layers.1.feed_forward.pwff_layer.0.bias', 'decoder.layers.1.feed_forward.pwff_layer.0.weight', 'decoder.layers.1.feed_forward.pwff_layer.3.bias', 'decoder.layers.1.feed_forward.pwff_layer.3.weight', 'decoder.layers.1.src_trg_att.k_layer.bias', 'decoder.layers.1.src_trg_att.k_layer.weight', 'decoder.layers.1.src_trg_att.output_layer.bias', 'decoder.layers.1.src_trg_att.output_layer.weight', 'decoder.layers.1.src_trg_att.q_layer.bias', 'decoder.layers.1.src_trg_att.q_layer.weight', 'decoder.layers.1.src_trg_att.v_layer.bias', 'decoder.layers.1.src_trg_att.v_layer.weight', 'decoder.layers.1.trg_trg_att.k_layer.bias', 'decoder.layers.1.trg_trg_att.k_layer.weight', 'decoder.layers.1.trg_trg_att.output_layer.bias', 'decoder.layers.1.trg_trg_att.output_layer.weight', 'decoder.layers.1.trg_trg_att.q_layer.bias', 'decoder.layers.1.trg_trg_att.q_layer.weight', 'decoder.layers.1.trg_trg_att.v_layer.bias', 'decoder.layers.1.trg_trg_att.v_layer.weight', 'decoder.layers.1.x_layer_norm.bias', 'decoder.layers.1.x_layer_norm.weight', 'decoder.layers.2.dec_layer_norm.bias', 'decoder.layers.2.dec_layer_norm.weight', 'decoder.layers.2.feed_forward.layer_norm.bias', 'decoder.layers.2.feed_forward.layer_norm.weight', 'decoder.layers.2.feed_forward.pwff_layer.0.bias', 'decoder.layers.2.feed_forward.pwff_layer.0.weight', 'decoder.layers.2.feed_forward.pwff_layer.3.bias', 'decoder.layers.2.feed_forward.pwff_layer.3.weight', 'decoder.layers.2.src_trg_att.k_layer.bias', 'decoder.layers.2.src_trg_att.k_layer.weight', 'decoder.layers.2.src_trg_att.output_layer.bias', 'decoder.layers.2.src_trg_att.output_layer.weight', 'decoder.layers.2.src_trg_att.q_layer.bias', 'decoder.layers.2.src_trg_att.q_layer.weight', 'decoder.layers.2.src_trg_att.v_layer.bias', 'decoder.layers.2.src_trg_att.v_layer.weight', 'decoder.layers.2.trg_trg_att.k_layer.bias', 'decoder.layers.2.trg_trg_att.k_layer.weight', 'decoder.layers.2.trg_trg_att.output_layer.bias', 'decoder.layers.2.trg_trg_att.output_layer.weight', 'decoder.layers.2.trg_trg_att.q_layer.bias', 'decoder.layers.2.trg_trg_att.q_layer.weight', 'decoder.layers.2.trg_trg_att.v_layer.bias', 'decoder.layers.2.trg_trg_att.v_layer.weight', 'decoder.layers.2.x_layer_norm.bias', 'decoder.layers.2.x_layer_norm.weight', 'decoder.output_layer.weight', 'encoder.layer_norm.bias', 'encoder.layer_norm.weight', 'encoder.layers.0.feed_forward.layer_norm.bias', 'encoder.layers.0.feed_forward.layer_norm.weight', 'encoder.layers.0.feed_forward.pwff_layer.0.bias', 'encoder.layers.0.feed_forward.pwff_layer.0.weight', 'encoder.layers.0.feed_forward.pwff_layer.3.bias', 'encoder.layers.0.feed_forward.pwff_layer.3.weight', 'encoder.layers.0.layer_norm.bias', 'encoder.layers.0.layer_norm.weight', 'encoder.layers.0.src_src_att.k_layer.bias', 'encoder.layers.0.src_src_att.k_layer.weight', 'encoder.layers.0.src_src_att.output_layer.bias', 'encoder.layers.0.src_src_att.output_layer.weight', 'encoder.layers.0.src_src_att.q_layer.bias', 'encoder.layers.0.src_src_att.q_layer.weight', 'encoder.layers.0.src_src_att.v_layer.bias', 'encoder.layers.0.src_src_att.v_layer.weight', 'encoder.layers.1.feed_forward.layer_norm.bias', 'encoder.layers.1.feed_forward.layer_norm.weight', 'encoder.layers.1.feed_forward.pwff_layer.0.bias', 'encoder.layers.1.feed_forward.pwff_layer.0.weight', 'encoder.layers.1.feed_forward.pwff_layer.3.bias', 'encoder.layers.1.feed_forward.pwff_layer.3.weight', 'encoder.layers.1.layer_norm.bias', 'encoder.layers.1.layer_norm.weight', 'encoder.layers.1.src_src_att.k_layer.bias', 'encoder.layers.1.src_src_att.k_layer.weight', 'encoder.layers.1.src_src_att.output_layer.bias', 'encoder.layers.1.src_src_att.output_layer.weight', 'encoder.layers.1.src_src_att.q_layer.bias', 'encoder.layers.1.src_src_att.q_layer.weight', 'encoder.layers.1.src_src_att.v_layer.bias', 'encoder.layers.1.src_src_att.v_layer.weight', 'encoder.layers.2.feed_forward.layer_norm.bias', 'encoder.layers.2.feed_forward.layer_norm.weight', 'encoder.layers.2.feed_forward.pwff_layer.0.bias', 'encoder.layers.2.feed_forward.pwff_layer.0.weight', 'encoder.layers.2.feed_forward.pwff_layer.3.bias', 'encoder.layers.2.feed_forward.pwff_layer.3.weight', 'encoder.layers.2.layer_norm.bias', 'encoder.layers.2.layer_norm.weight', 'encoder.layers.2.src_src_att.k_layer.bias', 'encoder.layers.2.src_src_att.k_layer.weight', 'encoder.layers.2.src_src_att.output_layer.bias', 'encoder.layers.2.src_src_att.output_layer.weight', 'encoder.layers.2.src_src_att.q_layer.bias', 'encoder.layers.2.src_src_att.q_layer.weight', 'encoder.layers.2.src_src_att.v_layer.bias', 'encoder.layers.2.src_src_att.v_layer.weight', 'image_encoder.classifier.0.bias', 'image_encoder.classifier.0.weight', 'image_encoder.classifier.3.bias', 'image_encoder.classifier.3.weight', 'image_encoder.features.0.0.weight', 'image_encoder.features.0.1.bias', 'image_encoder.features.0.1.weight', 'image_encoder.features.1.block.0.0.weight', 'image_encoder.features.1.block.0.1.bias', 'image_encoder.features.1.block.0.1.weight', 'image_encoder.features.1.block.1.fc1.bias', 'image_encoder.features.1.block.1.fc1.weight', 'image_encoder.features.1.block.1.fc2.bias', 'image_encoder.features.1.block.1.fc2.weight', 'image_encoder.features.1.block.2.0.weight', 'image_encoder.features.1.block.2.1.bias', 'image_encoder.features.1.block.2.1.weight', 'image_encoder.features.10.block.0.0.weight', 'image_encoder.features.10.block.0.1.bias', 'image_encoder.features.10.block.0.1.weight', 'image_encoder.features.10.block.1.0.weight', 'image_encoder.features.10.block.1.1.bias', 'image_encoder.features.10.block.1.1.weight', 'image_encoder.features.10.block.2.fc1.bias', 'image_encoder.features.10.block.2.fc1.weight', 'image_encoder.features.10.block.2.fc2.bias', 'image_encoder.features.10.block.2.fc2.weight', 'image_encoder.features.10.block.3.0.weight', 'image_encoder.features.10.block.3.1.bias', 'image_encoder.features.10.block.3.1.weight', 'image_encoder.features.11.block.0.0.weight', 'image_encoder.features.11.block.0.1.bias', 'image_encoder.features.11.block.0.1.weight', 'image_encoder.features.11.block.1.0.weight', 'image_encoder.features.11.block.1.1.bias', 'image_encoder.features.11.block.1.1.weight', 'image_encoder.features.11.block.2.fc1.bias', 'image_encoder.features.11.block.2.fc1.weight', 'image_encoder.features.11.block.2.fc2.bias', 'image_encoder.features.11.block.2.fc2.weight', 'image_encoder.features.11.block.3.0.weight', 'image_encoder.features.11.block.3.1.bias', 'image_encoder.features.11.block.3.1.weight', 'image_encoder.features.12.0.weight', 'image_encoder.features.12.1.bias', 'image_encoder.features.12.1.weight', 'image_encoder.features.2.block.0.0.weight', 'image_encoder.features.2.block.0.1.bias', 'image_encoder.features.2.block.0.1.weight', 'image_encoder.features.2.block.1.0.weight', 'image_encoder.features.2.block.1.1.bias', 'image_encoder.features.2.block.1.1.weight', 'image_encoder.features.2.block.2.0.weight', 'image_encoder.features.2.block.2.1.bias', 'image_encoder.features.2.block.2.1.weight', 'image_encoder.features.3.block.0.0.weight', 'image_encoder.features.3.block.0.1.bias', 'image_encoder.features.3.block.0.1.weight', 'image_encoder.features.3.block.1.0.weight', 'image_encoder.features.3.block.1.1.bias', 'image_encoder.features.3.block.1.1.weight', 'image_encoder.features.3.block.2.0.weight', 'image_encoder.features.3.block.2.1.bias', 'image_encoder.features.3.block.2.1.weight', 'image_encoder.features.4.block.0.0.weight', 'image_encoder.features.4.block.0.1.bias', 'image_encoder.features.4.block.0.1.weight', 'image_encoder.features.4.block.1.0.weight', 'image_encoder.features.4.block.1.1.bias', 'image_encoder.features.4.block.1.1.weight', 'image_encoder.features.4.block.2.fc1.bias', 'image_encoder.features.4.block.2.fc1.weight', 'image_encoder.features.4.block.2.fc2.bias', 'image_encoder.features.4.block.2.fc2.weight', 'image_encoder.features.4.block.3.0.weight', 'image_encoder.features.4.block.3.1.bias', 'image_encoder.features.4.block.3.1.weight', 'image_encoder.features.5.block.0.0.weight', 'image_encoder.features.5.block.0.1.bias', 'image_encoder.features.5.block.0.1.weight', 'image_encoder.features.5.block.1.0.weight', 'image_encoder.features.5.block.1.1.bias', 'image_encoder.features.5.block.1.1.weight', 'image_encoder.features.5.block.2.fc1.bias', 'image_encoder.features.5.block.2.fc1.weight', 'image_encoder.features.5.block.2.fc2.bias', 'image_encoder.features.5.block.2.fc2.weight', 'image_encoder.features.5.block.3.0.weight', 'image_encoder.features.5.block.3.1.bias', 'image_encoder.features.5.block.3.1.weight', 'image_encoder.features.6.block.0.0.weight', 'image_encoder.features.6.block.0.1.bias', 'image_encoder.features.6.block.0.1.weight', 'image_encoder.features.6.block.1.0.weight', 'image_encoder.features.6.block.1.1.bias', 'image_encoder.features.6.block.1.1.weight', 'image_encoder.features.6.block.2.fc1.bias', 'image_encoder.features.6.block.2.fc1.weight', 'image_encoder.features.6.block.2.fc2.bias', 'image_encoder.features.6.block.2.fc2.weight', 'image_encoder.features.6.block.3.0.weight', 'image_encoder.features.6.block.3.1.bias', 'image_encoder.features.6.block.3.1.weight', 'image_encoder.features.7.block.0.0.weight', 'image_encoder.features.7.block.0.1.bias', 'image_encoder.features.7.block.0.1.weight', 'image_encoder.features.7.block.1.0.weight', 'image_encoder.features.7.block.1.1.bias', 'image_encoder.features.7.block.1.1.weight', 'image_encoder.features.7.block.2.fc1.bias', 'image_encoder.features.7.block.2.fc1.weight', 'image_encoder.features.7.block.2.fc2.bias', 'image_encoder.features.7.block.2.fc2.weight', 'image_encoder.features.7.block.3.0.weight', 'image_encoder.features.7.block.3.1.bias', 'image_encoder.features.7.block.3.1.weight', 'image_encoder.features.8.block.0.0.weight', 'image_encoder.features.8.block.0.1.bias', 'image_encoder.features.8.block.0.1.weight', 'image_encoder.features.8.block.1.0.weight', 'image_encoder.features.8.block.1.1.bias', 'image_encoder.features.8.block.1.1.weight', 'image_encoder.features.8.block.2.fc1.bias', 'image_encoder.features.8.block.2.fc1.weight', 'image_encoder.features.8.block.2.fc2.bias', 'image_encoder.features.8.block.2.fc2.weight', 'image_encoder.features.8.block.3.0.weight', 'image_encoder.features.8.block.3.1.bias', 'image_encoder.features.8.block.3.1.weight', 'image_encoder.features.9.block.0.0.weight', 'image_encoder.features.9.block.0.1.bias', 'image_encoder.features.9.block.0.1.weight', 'image_encoder.features.9.block.1.0.weight', 'image_encoder.features.9.block.1.1.bias', 'image_encoder.features.9.block.1.1.weight', 'image_encoder.features.9.block.2.fc1.bias', 'image_encoder.features.9.block.2.fc1.weight', 'image_encoder.features.9.block.2.fc2.bias', 'image_encoder.features.9.block.2.fc2.weight', 'image_encoder.features.9.block.3.0.weight', 'image_encoder.features.9.block.3.1.bias', 'image_encoder.features.9.block.3.1.weight', 'sgn_embed.ln.bias', 'sgn_embed.ln.weight', 'sgn_embed.norm.norm.bias', 'sgn_embed.norm.norm.weight', 'txt_embed.lut.weight', 'txt_embed.norm.norm.bias', 'txt_embed.norm.norm.weight']
2021-12-23 20:37:55,100 cfg.name                           : ChicagoFSWild Experiment
2021-12-23 20:37:55,116 cfg.data.data_path                 : ./data/
2021-12-23 20:37:55,116 cfg.data.version                   : ChicagoFSWild
2021-12-23 20:37:55,116 cfg.data.sgn                       : sign
2021-12-23 20:37:55,116 cfg.data.gls                       : gloss
2021-12-23 20:37:55,116 cfg.data.feature_size              : 1000
2021-12-23 20:37:55,116 cfg.data.level                     : word
2021-12-23 20:37:55,117 cfg.data.max_sent_length           : 400
2021-12-23 20:37:55,117 cfg.data.random_train_subset       : -1
2021-12-23 20:37:55,117 cfg.data.random_dev_subset         : -1
2021-12-23 20:37:55,117 cfg.testing.recognition_beam_sizes : [1, 2, 3, 4, 5, 6, 7, 8, 9, 10]
2021-12-23 20:37:55,117 cfg.testing.translation_beam_sizes : [1, 2, 3, 4, 5, 6, 7, 8, 9, 10]
2021-12-23 20:37:55,117 cfg.testing.translation_beam_alphas : [-1, 0, 1, 2, 3, 4, 5]
2021-12-23 20:37:55,118 cfg.training.reset_best_ckpt       : False
2021-12-23 20:37:55,118 cfg.training.reset_scheduler       : False
2021-12-23 20:37:55,118 cfg.training.reset_optimizer       : False
2021-12-23 20:37:55,118 cfg.training.random_seed           : 42
2021-12-23 20:37:55,118 cfg.training.model_dir             : ./ChicagoFSWild Experiments/ChicagoFSWild_experiment_02
2021-12-23 20:37:55,118 cfg.training.recognition_loss_weight : 0.0
2021-12-23 20:37:55,118 cfg.training.translation_loss_weight : 1.0
2021-12-23 20:37:55,119 cfg.training.eval_metric           : bleu
2021-12-23 20:37:55,119 cfg.training.optimizer             : adam
2021-12-23 20:37:55,119 cfg.training.learning_rate         : 0.001
2021-12-23 20:37:55,119 cfg.training.batch_size            : 32
2021-12-23 20:37:55,119 cfg.training.num_valid_log         : 5
2021-12-23 20:37:55,119 cfg.training.epochs                : 5000000
2021-12-23 20:37:55,120 cfg.training.early_stopping_metric : eval_metric
2021-12-23 20:37:55,120 cfg.training.batch_type            : token
2021-12-23 20:37:55,120 cfg.training.translation_normalization : batch
2021-12-23 20:37:55,120 cfg.training.eval_recognition_beam_size : 9
2021-12-23 20:37:55,120 cfg.training.eval_translation_beam_size : 9
2021-12-23 20:37:55,120 cfg.training.eval_translation_beam_alpha : 1
2021-12-23 20:37:55,120 cfg.training.overwrite             : True
2021-12-23 20:37:55,121 cfg.training.shuffle               : True
2021-12-23 20:37:55,121 cfg.training.use_cuda              : True
2021-12-23 20:37:55,121 cfg.training.translation_max_output_length : 5
2021-12-23 20:37:55,121 cfg.training.keep_last_ckpts       : 1
2021-12-23 20:37:55,121 cfg.training.batch_multiplier      : 1
2021-12-23 20:37:55,121 cfg.training.logging_freq          : 1
2021-12-23 20:37:55,121 cfg.training.validation_freq       : 200
2021-12-23 20:37:55,122 cfg.training.betas                 : [0.9, 0.998]
2021-12-23 20:37:55,122 cfg.training.scheduling            : plateau
2021-12-23 20:37:55,122 cfg.training.learning_rate_min     : 1e-06
2021-12-23 20:37:55,122 cfg.training.weight_decay          : 0.001
2021-12-23 20:37:55,122 cfg.training.patience              : 8
2021-12-23 20:37:55,122 cfg.training.decrease_factor       : 0.7
2021-12-23 20:37:55,123 cfg.training.label_smoothing       : 0.0
2021-12-23 20:37:55,123 cfg.model.initializer              : xavier
2021-12-23 20:37:55,123 cfg.model.bias_initializer         : zeros
2021-12-23 20:37:55,123 cfg.model.init_gain                : 1.0
2021-12-23 20:37:55,123 cfg.model.embed_initializer        : xavier
2021-12-23 20:37:55,123 cfg.model.embed_init_gain          : 1.0
2021-12-23 20:37:55,123 cfg.model.tied_softmax             : False
2021-12-23 20:37:55,124 cfg.model.encoder.type             : transformer
2021-12-23 20:37:55,124 cfg.model.encoder.num_layers       : 3
2021-12-23 20:37:55,124 cfg.model.encoder.num_heads        : 8
2021-12-23 20:37:55,124 cfg.model.encoder.embeddings.embedding_dim : 512
2021-12-23 20:37:55,124 cfg.model.encoder.embeddings.scale : False
2021-12-23 20:37:55,124 cfg.model.encoder.embeddings.dropout : 0.1
2021-12-23 20:37:55,124 cfg.model.encoder.embeddings.norm_type : batch
2021-12-23 20:37:55,125 cfg.model.encoder.embeddings.activation_type : softsign
2021-12-23 20:37:55,125 cfg.model.encoder.hidden_size      : 512
2021-12-23 20:37:55,125 cfg.model.encoder.ff_size          : 2048
2021-12-23 20:37:55,125 cfg.model.encoder.dropout          : 0.1
2021-12-23 20:37:55,125 cfg.model.decoder.type             : transformer
2021-12-23 20:37:55,125 cfg.model.decoder.num_layers       : 3
2021-12-23 20:37:55,125 cfg.model.decoder.num_heads        : 8
2021-12-23 20:37:55,126 cfg.model.decoder.embeddings.embedding_dim : 512
2021-12-23 20:37:55,126 cfg.model.decoder.embeddings.scale : False
2021-12-23 20:37:55,126 cfg.model.decoder.embeddings.dropout : 0.1
2021-12-23 20:37:55,126 cfg.model.decoder.embeddings.norm_type : batch
2021-12-23 20:37:55,126 cfg.model.decoder.embeddings.activation_type : softsign
2021-12-23 20:37:55,126 cfg.model.decoder.hidden_size      : 512
2021-12-23 20:37:55,126 cfg.model.decoder.ff_size          : 2048
2021-12-23 20:37:55,126 cfg.model.decoder.dropout          : 0.1
2021-12-23 20:37:55,127 SignModel(
	encoder=TransformerEncoder(num_layers=3, num_heads=8),
	decoder=TransformerDecoder(num_layers=3, num_heads=8),
	sgn_embed=SpatialEmbeddings(embedding_dim=512, input_size=1000),
	txt_embed=Embeddings(embedding_dim=512, vocab_size=2733))
2021-12-23 20:37:55,312 EPOCH 1
2021-12-23 20:38:09,854 [Epoch: 001 Step: 00000001] Batch Translation Loss:   8.018621 => Txt Tokens per Sec:        2 || Lr: 0.001000
