2021-12-23 23:37:42,251 Hello! This is Joey-NMT.
2021-12-23 23:37:45,091 Total params: 12632045
2021-12-23 23:37:45,093 Trainable parameters: ['encoder.layer_norm.bias', 'encoder.layer_norm.weight', 'encoder.layers.0.feed_forward.layer_norm.bias', 'encoder.layers.0.feed_forward.layer_norm.weight', 'encoder.layers.0.feed_forward.pwff_layer.0.bias', 'encoder.layers.0.feed_forward.pwff_layer.0.weight', 'encoder.layers.0.feed_forward.pwff_layer.3.bias', 'encoder.layers.0.feed_forward.pwff_layer.3.weight', 'encoder.layers.0.layer_norm.bias', 'encoder.layers.0.layer_norm.weight', 'encoder.layers.0.src_src_att.k_layer.bias', 'encoder.layers.0.src_src_att.k_layer.weight', 'encoder.layers.0.src_src_att.output_layer.bias', 'encoder.layers.0.src_src_att.output_layer.weight', 'encoder.layers.0.src_src_att.q_layer.bias', 'encoder.layers.0.src_src_att.q_layer.weight', 'encoder.layers.0.src_src_att.v_layer.bias', 'encoder.layers.0.src_src_att.v_layer.weight', 'encoder.layers.1.feed_forward.layer_norm.bias', 'encoder.layers.1.feed_forward.layer_norm.weight', 'encoder.layers.1.feed_forward.pwff_layer.0.bias', 'encoder.layers.1.feed_forward.pwff_layer.0.weight', 'encoder.layers.1.feed_forward.pwff_layer.3.bias', 'encoder.layers.1.feed_forward.pwff_layer.3.weight', 'encoder.layers.1.layer_norm.bias', 'encoder.layers.1.layer_norm.weight', 'encoder.layers.1.src_src_att.k_layer.bias', 'encoder.layers.1.src_src_att.k_layer.weight', 'encoder.layers.1.src_src_att.output_layer.bias', 'encoder.layers.1.src_src_att.output_layer.weight', 'encoder.layers.1.src_src_att.q_layer.bias', 'encoder.layers.1.src_src_att.q_layer.weight', 'encoder.layers.1.src_src_att.v_layer.bias', 'encoder.layers.1.src_src_att.v_layer.weight', 'encoder.layers.2.feed_forward.layer_norm.bias', 'encoder.layers.2.feed_forward.layer_norm.weight', 'encoder.layers.2.feed_forward.pwff_layer.0.bias', 'encoder.layers.2.feed_forward.pwff_layer.0.weight', 'encoder.layers.2.feed_forward.pwff_layer.3.bias', 'encoder.layers.2.feed_forward.pwff_layer.3.weight', 'encoder.layers.2.layer_norm.bias', 'encoder.layers.2.layer_norm.weight', 'encoder.layers.2.src_src_att.k_layer.bias', 'encoder.layers.2.src_src_att.k_layer.weight', 'encoder.layers.2.src_src_att.output_layer.bias', 'encoder.layers.2.src_src_att.output_layer.weight', 'encoder.layers.2.src_src_att.q_layer.bias', 'encoder.layers.2.src_src_att.q_layer.weight', 'encoder.layers.2.src_src_att.v_layer.bias', 'encoder.layers.2.src_src_att.v_layer.weight', 'gloss_output_layer.bias', 'gloss_output_layer.weight', 'image_encoder.classifier.0.bias', 'image_encoder.classifier.0.weight', 'image_encoder.classifier.3.bias', 'image_encoder.classifier.3.weight', 'image_encoder.features.0.0.weight', 'image_encoder.features.0.1.bias', 'image_encoder.features.0.1.weight', 'image_encoder.features.1.block.0.0.weight', 'image_encoder.features.1.block.0.1.bias', 'image_encoder.features.1.block.0.1.weight', 'image_encoder.features.1.block.1.fc1.bias', 'image_encoder.features.1.block.1.fc1.weight', 'image_encoder.features.1.block.1.fc2.bias', 'image_encoder.features.1.block.1.fc2.weight', 'image_encoder.features.1.block.2.0.weight', 'image_encoder.features.1.block.2.1.bias', 'image_encoder.features.1.block.2.1.weight', 'image_encoder.features.10.block.0.0.weight', 'image_encoder.features.10.block.0.1.bias', 'image_encoder.features.10.block.0.1.weight', 'image_encoder.features.10.block.1.0.weight', 'image_encoder.features.10.block.1.1.bias', 'image_encoder.features.10.block.1.1.weight', 'image_encoder.features.10.block.2.fc1.bias', 'image_encoder.features.10.block.2.fc1.weight', 'image_encoder.features.10.block.2.fc2.bias', 'image_encoder.features.10.block.2.fc2.weight', 'image_encoder.features.10.block.3.0.weight', 'image_encoder.features.10.block.3.1.bias', 'image_encoder.features.10.block.3.1.weight', 'image_encoder.features.11.block.0.0.weight', 'image_encoder.features.11.block.0.1.bias', 'image_encoder.features.11.block.0.1.weight', 'image_encoder.features.11.block.1.0.weight', 'image_encoder.features.11.block.1.1.bias', 'image_encoder.features.11.block.1.1.weight', 'image_encoder.features.11.block.2.fc1.bias', 'image_encoder.features.11.block.2.fc1.weight', 'image_encoder.features.11.block.2.fc2.bias', 'image_encoder.features.11.block.2.fc2.weight', 'image_encoder.features.11.block.3.0.weight', 'image_encoder.features.11.block.3.1.bias', 'image_encoder.features.11.block.3.1.weight', 'image_encoder.features.12.0.weight', 'image_encoder.features.12.1.bias', 'image_encoder.features.12.1.weight', 'image_encoder.features.2.block.0.0.weight', 'image_encoder.features.2.block.0.1.bias', 'image_encoder.features.2.block.0.1.weight', 'image_encoder.features.2.block.1.0.weight', 'image_encoder.features.2.block.1.1.bias', 'image_encoder.features.2.block.1.1.weight', 'image_encoder.features.2.block.2.0.weight', 'image_encoder.features.2.block.2.1.bias', 'image_encoder.features.2.block.2.1.weight', 'image_encoder.features.3.block.0.0.weight', 'image_encoder.features.3.block.0.1.bias', 'image_encoder.features.3.block.0.1.weight', 'image_encoder.features.3.block.1.0.weight', 'image_encoder.features.3.block.1.1.bias', 'image_encoder.features.3.block.1.1.weight', 'image_encoder.features.3.block.2.0.weight', 'image_encoder.features.3.block.2.1.bias', 'image_encoder.features.3.block.2.1.weight', 'image_encoder.features.4.block.0.0.weight', 'image_encoder.features.4.block.0.1.bias', 'image_encoder.features.4.block.0.1.weight', 'image_encoder.features.4.block.1.0.weight', 'image_encoder.features.4.block.1.1.bias', 'image_encoder.features.4.block.1.1.weight', 'image_encoder.features.4.block.2.fc1.bias', 'image_encoder.features.4.block.2.fc1.weight', 'image_encoder.features.4.block.2.fc2.bias', 'image_encoder.features.4.block.2.fc2.weight', 'image_encoder.features.4.block.3.0.weight', 'image_encoder.features.4.block.3.1.bias', 'image_encoder.features.4.block.3.1.weight', 'image_encoder.features.5.block.0.0.weight', 'image_encoder.features.5.block.0.1.bias', 'image_encoder.features.5.block.0.1.weight', 'image_encoder.features.5.block.1.0.weight', 'image_encoder.features.5.block.1.1.bias', 'image_encoder.features.5.block.1.1.weight', 'image_encoder.features.5.block.2.fc1.bias', 'image_encoder.features.5.block.2.fc1.weight', 'image_encoder.features.5.block.2.fc2.bias', 'image_encoder.features.5.block.2.fc2.weight', 'image_encoder.features.5.block.3.0.weight', 'image_encoder.features.5.block.3.1.bias', 'image_encoder.features.5.block.3.1.weight', 'image_encoder.features.6.block.0.0.weight', 'image_encoder.features.6.block.0.1.bias', 'image_encoder.features.6.block.0.1.weight', 'image_encoder.features.6.block.1.0.weight', 'image_encoder.features.6.block.1.1.bias', 'image_encoder.features.6.block.1.1.weight', 'image_encoder.features.6.block.2.fc1.bias', 'image_encoder.features.6.block.2.fc1.weight', 'image_encoder.features.6.block.2.fc2.bias', 'image_encoder.features.6.block.2.fc2.weight', 'image_encoder.features.6.block.3.0.weight', 'image_encoder.features.6.block.3.1.bias', 'image_encoder.features.6.block.3.1.weight', 'image_encoder.features.7.block.0.0.weight', 'image_encoder.features.7.block.0.1.bias', 'image_encoder.features.7.block.0.1.weight', 'image_encoder.features.7.block.1.0.weight', 'image_encoder.features.7.block.1.1.bias', 'image_encoder.features.7.block.1.1.weight', 'image_encoder.features.7.block.2.fc1.bias', 'image_encoder.features.7.block.2.fc1.weight', 'image_encoder.features.7.block.2.fc2.bias', 'image_encoder.features.7.block.2.fc2.weight', 'image_encoder.features.7.block.3.0.weight', 'image_encoder.features.7.block.3.1.bias', 'image_encoder.features.7.block.3.1.weight', 'image_encoder.features.8.block.0.0.weight', 'image_encoder.features.8.block.0.1.bias', 'image_encoder.features.8.block.0.1.weight', 'image_encoder.features.8.block.1.0.weight', 'image_encoder.features.8.block.1.1.bias', 'image_encoder.features.8.block.1.1.weight', 'image_encoder.features.8.block.2.fc1.bias', 'image_encoder.features.8.block.2.fc1.weight', 'image_encoder.features.8.block.2.fc2.bias', 'image_encoder.features.8.block.2.fc2.weight', 'image_encoder.features.8.block.3.0.weight', 'image_encoder.features.8.block.3.1.bias', 'image_encoder.features.8.block.3.1.weight', 'image_encoder.features.9.block.0.0.weight', 'image_encoder.features.9.block.0.1.bias', 'image_encoder.features.9.block.0.1.weight', 'image_encoder.features.9.block.1.0.weight', 'image_encoder.features.9.block.1.1.bias', 'image_encoder.features.9.block.1.1.weight', 'image_encoder.features.9.block.2.fc1.bias', 'image_encoder.features.9.block.2.fc1.weight', 'image_encoder.features.9.block.2.fc2.bias', 'image_encoder.features.9.block.2.fc2.weight', 'image_encoder.features.9.block.3.0.weight', 'image_encoder.features.9.block.3.1.bias', 'image_encoder.features.9.block.3.1.weight', 'sgn_embed.ln.bias', 'sgn_embed.ln.weight', 'sgn_embed.norm.norm.bias', 'sgn_embed.norm.norm.weight']
2021-12-23 23:38:08,939 cfg.name                           : AUTSL Experiment
2021-12-23 23:38:08,992 cfg.data.data_path                 : ./data/
2021-12-23 23:38:08,992 cfg.data.version                   : autsl
2021-12-23 23:38:08,992 cfg.data.sgn                       : sign
2021-12-23 23:38:08,992 cfg.data.gls                       : gloss
2021-12-23 23:38:08,992 cfg.data.feature_size              : 1000
2021-12-23 23:38:08,992 cfg.data.level                     : word
2021-12-23 23:38:08,993 cfg.data.max_sent_length           : 400
2021-12-23 23:38:08,993 cfg.data.random_train_subset       : -1
2021-12-23 23:38:08,993 cfg.data.random_dev_subset         : -1
2021-12-23 23:38:08,993 cfg.testing.recognition_beam_sizes : [1, 2, 3, 4, 5, 6, 7, 8, 9, 10]
2021-12-23 23:38:08,993 cfg.testing.translation_beam_sizes : [1, 2, 3, 4, 5, 6, 7, 8, 9, 10]
2021-12-23 23:38:08,993 cfg.testing.translation_beam_alphas : [-1, 0, 1, 2, 3, 4, 5]
2021-12-23 23:38:08,993 cfg.training.reset_best_ckpt       : False
2021-12-23 23:38:08,993 cfg.training.reset_scheduler       : False
2021-12-23 23:38:08,993 cfg.training.reset_optimizer       : False
2021-12-23 23:38:08,994 cfg.training.random_seed           : 42
2021-12-23 23:38:08,994 cfg.training.model_dir             : ./AUTSL Experiments/AUTSL_experiment_10
2021-12-23 23:38:08,994 cfg.training.recognition_loss_weight : 1.0
2021-12-23 23:38:08,994 cfg.training.translation_loss_weight : 0.0
2021-12-23 23:38:08,994 cfg.training.eval_metric           : wer
2021-12-23 23:38:08,994 cfg.training.optimizer             : adam
2021-12-23 23:38:08,994 cfg.training.learning_rate         : 0.001
2021-12-23 23:38:08,994 cfg.training.batch_size            : 32
2021-12-23 23:38:08,994 cfg.training.num_valid_log         : 5
2021-12-23 23:38:08,995 cfg.training.epochs                : 5000000
2021-12-23 23:38:08,995 cfg.training.early_stopping_metric : eval_metric
2021-12-23 23:38:08,995 cfg.training.batch_type            : sentence
2021-12-23 23:38:08,996 cfg.training.translation_normalization : batch
2021-12-23 23:38:08,996 cfg.training.eval_recognition_beam_size : 9
2021-12-23 23:38:08,996 cfg.training.eval_translation_beam_size : 9
2021-12-23 23:38:08,997 cfg.training.eval_translation_beam_alpha : 1
2021-12-23 23:38:08,997 cfg.training.overwrite             : True
2021-12-23 23:38:08,998 cfg.training.shuffle               : True
2021-12-23 23:38:08,998 cfg.training.use_cuda              : True
2021-12-23 23:38:08,999 cfg.training.translation_max_output_length : 30
2021-12-23 23:38:08,999 cfg.training.keep_last_ckpts       : 1
2021-12-23 23:38:09,000 cfg.training.batch_multiplier      : 1
2021-12-23 23:38:09,000 cfg.training.logging_freq          : 1
2021-12-23 23:38:09,001 cfg.training.validation_freq       : 400
2021-12-23 23:38:09,001 cfg.training.betas                 : [0.9, 0.998]
2021-12-23 23:38:09,002 cfg.training.scheduling            : plateau
2021-12-23 23:38:09,002 cfg.training.learning_rate_min     : 1e-06
2021-12-23 23:38:09,002 cfg.training.weight_decay          : 0.001
2021-12-23 23:38:09,003 cfg.training.patience              : 8
2021-12-23 23:38:09,003 cfg.training.decrease_factor       : 0.7
2021-12-23 23:38:09,004 cfg.training.label_smoothing       : 0.0
2021-12-23 23:38:09,004 cfg.model.initializer              : xavier
2021-12-23 23:38:09,005 cfg.model.bias_initializer         : zeros
2021-12-23 23:38:09,005 cfg.model.init_gain                : 1.0
2021-12-23 23:38:09,005 cfg.model.embed_initializer        : xavier
2021-12-23 23:38:09,006 cfg.model.embed_init_gain          : 1.0
2021-12-23 23:38:09,006 cfg.model.tied_softmax             : False
2021-12-23 23:38:09,007 cfg.model.encoder.type             : transformer
2021-12-23 23:38:09,007 cfg.model.encoder.num_layers       : 3
2021-12-23 23:38:09,007 cfg.model.encoder.num_heads        : 8
2021-12-23 23:38:09,008 cfg.model.encoder.embeddings.embedding_dim : 512
2021-12-23 23:38:09,008 cfg.model.encoder.embeddings.scale : False
2021-12-23 23:38:09,008 cfg.model.encoder.embeddings.dropout : 0.1
2021-12-23 23:38:09,009 cfg.model.encoder.embeddings.norm_type : batch
2021-12-23 23:38:09,009 cfg.model.encoder.embeddings.activation_type : softsign
2021-12-23 23:38:09,010 cfg.model.encoder.hidden_size      : 512
2021-12-23 23:38:09,010 cfg.model.encoder.ff_size          : 2048
2021-12-23 23:38:09,010 cfg.model.encoder.dropout          : 0.1
2021-12-23 23:38:09,011 cfg.model.decoder.type             : transformer
2021-12-23 23:38:09,011 cfg.model.decoder.num_layers       : 3
2021-12-23 23:38:09,011 cfg.model.decoder.num_heads        : 8
2021-12-23 23:38:09,012 cfg.model.decoder.embeddings.embedding_dim : 512
2021-12-23 23:38:09,013 cfg.model.decoder.embeddings.scale : False
2021-12-23 23:38:09,014 cfg.model.decoder.embeddings.dropout : 0.1
2021-12-23 23:38:09,017 cfg.model.decoder.embeddings.norm_type : batch
2021-12-23 23:38:09,018 cfg.model.decoder.embeddings.activation_type : softsign
2021-12-23 23:38:09,018 cfg.model.decoder.hidden_size      : 512
2021-12-23 23:38:09,018 cfg.model.decoder.ff_size          : 2048
2021-12-23 23:38:09,018 cfg.model.decoder.dropout          : 0.1
2021-12-23 23:38:09,019 SignModel(
	encoder=TransformerEncoder(num_layers=3, num_heads=8),
	decoder=None,
	sgn_embed=SpatialEmbeddings(embedding_dim=512, input_size=1000),
	txt_embed=None)
2021-12-23 23:38:09,288 EPOCH 1
2021-12-23 23:40:13,835 [Epoch: 001 Step: 00000001] Batch Recognition Loss: 313.494934 => Gls Tokens per Sec:        0 || Lr: 0.001000
2021-12-23 23:41:41,920 [Epoch: 001 Step: 00000002] Batch Recognition Loss:  15.159377 => Gls Tokens per Sec:        0 || Lr: 0.001000
2021-12-23 23:42:54,296 [Epoch: 001 Step: 00000003] Batch Recognition Loss:  15.466089 => Gls Tokens per Sec:        0 || Lr: 0.001000
2021-12-23 23:44:01,308 [Epoch: 001 Step: 00000004] Batch Recognition Loss:  14.383764 => Gls Tokens per Sec:        0 || Lr: 0.001000
2021-12-23 23:45:10,896 [Epoch: 001 Step: 00000005] Batch Recognition Loss:  12.909262 => Gls Tokens per Sec:        0 || Lr: 0.001000
2021-12-23 23:46:17,149 [Epoch: 001 Step: 00000006] Batch Recognition Loss:  11.213633 => Gls Tokens per Sec:        0 || Lr: 0.001000
2021-12-23 23:47:32,730 [Epoch: 001 Step: 00000007] Batch Recognition Loss:   9.507761 => Gls Tokens per Sec:        0 || Lr: 0.001000
2021-12-23 23:48:43,058 [Epoch: 001 Step: 00000008] Batch Recognition Loss:   7.349369 => Gls Tokens per Sec:        0 || Lr: 0.001000
2021-12-23 23:50:16,627 [Epoch: 001 Step: 00000009] Batch Recognition Loss:   9.442806 => Gls Tokens per Sec:        0 || Lr: 0.001000
2021-12-23 23:51:53,035 [Epoch: 001 Step: 00000010] Batch Recognition Loss:   7.086248 => Gls Tokens per Sec:        0 || Lr: 0.001000
2021-12-23 23:53:44,848 [Epoch: 001 Step: 00000011] Batch Recognition Loss:   7.462840 => Gls Tokens per Sec:        0 || Lr: 0.001000
2021-12-23 23:55:32,179 [Epoch: 001 Step: 00000012] Batch Recognition Loss:   7.361128 => Gls Tokens per Sec:        0 || Lr: 0.001000
2021-12-23 23:57:26,129 [Epoch: 001 Step: 00000013] Batch Recognition Loss:   8.066716 => Gls Tokens per Sec:        0 || Lr: 0.001000
2021-12-23 23:59:18,654 [Epoch: 001 Step: 00000014] Batch Recognition Loss:   7.835889 => Gls Tokens per Sec:        0 || Lr: 0.001000
2021-12-24 00:01:18,633 [Epoch: 001 Step: 00000015] Batch Recognition Loss:   7.806883 => Gls Tokens per Sec:        0 || Lr: 0.001000
2021-12-24 00:03:18,542 [Epoch: 001 Step: 00000016] Batch Recognition Loss:   7.095410 => Gls Tokens per Sec:        0 || Lr: 0.001000
2021-12-24 00:05:18,098 [Epoch: 001 Step: 00000017] Batch Recognition Loss:   6.609730 => Gls Tokens per Sec:        0 || Lr: 0.001000
2021-12-24 00:07:23,897 [Epoch: 001 Step: 00000018] Batch Recognition Loss:   6.898051 => Gls Tokens per Sec:        0 || Lr: 0.001000
2021-12-24 00:09:17,425 [Epoch: 001 Step: 00000019] Batch Recognition Loss:   7.084509 => Gls Tokens per Sec:        0 || Lr: 0.001000
2021-12-24 00:11:06,536 [Epoch: 001 Step: 00000020] Batch Recognition Loss:   7.296299 => Gls Tokens per Sec:        0 || Lr: 0.001000
2021-12-24 00:13:13,634 [Epoch: 001 Step: 00000021] Batch Recognition Loss:   7.162485 => Gls Tokens per Sec:        0 || Lr: 0.001000
2021-12-24 00:15:08,662 [Epoch: 001 Step: 00000022] Batch Recognition Loss:   7.170537 => Gls Tokens per Sec:        0 || Lr: 0.001000
2021-12-24 00:17:06,654 [Epoch: 001 Step: 00000023] Batch Recognition Loss:   6.651259 => Gls Tokens per Sec:        0 || Lr: 0.001000
2021-12-24 00:19:14,479 [Epoch: 001 Step: 00000024] Batch Recognition Loss:   6.620247 => Gls Tokens per Sec:        0 || Lr: 0.001000
2021-12-24 00:21:02,083 [Epoch: 001 Step: 00000025] Batch Recognition Loss:   6.793829 => Gls Tokens per Sec:        0 || Lr: 0.001000
2021-12-24 00:23:03,126 [Epoch: 001 Step: 00000026] Batch Recognition Loss:   6.870049 => Gls Tokens per Sec:        0 || Lr: 0.001000
2021-12-24 00:25:12,950 [Epoch: 001 Step: 00000027] Batch Recognition Loss:   6.800973 => Gls Tokens per Sec:        0 || Lr: 0.001000
2021-12-24 00:27:46,832 [Epoch: 001 Step: 00000028] Batch Recognition Loss:   6.859141 => Gls Tokens per Sec:        0 || Lr: 0.001000
2021-12-24 00:30:26,106 [Epoch: 001 Step: 00000029] Batch Recognition Loss:   6.429564 => Gls Tokens per Sec:        0 || Lr: 0.001000
